<?xml version="1.0" encoding="UTF-8"?>
<!-- Generated by org.testng.reporters.JUnitXMLReporter -->
<testsuite ignored="0" hostname="LAPTOP-6F62UB85" failures="0" tests="10" name="Test" time="34.863" errors="0" timestamp="2022-05-20T16:27:07 IST">
  <testcase classname="Ladder.Logincrm" name="loginApp" time="4.64"/>
  <testcase classname="Ladder.Logincrm" name="signupapp" time="7.243"/>
  <testcase classname="Ladder.Logincrm" name="searchupapp" time="3.149"/>
  <testcase classname="Ladder.Logincrm" name="Bedapp" time="7.119"/>
  <testcase classname="Ladder.Logincrm" name="Bedappcart" time="3.121"/>
  <testcase classname="Ladder.Logincrm" name="assertionaa" time="1.833"/>
  <testcase classname="Ladder.Logincrm" name="tvappcart" time="1.41"/>
  <testcase classname="Ladder.Logincrm" name="studyapp" time="1.426"/>
  <testcase classname="Ladder.Logincrm" name="aboutapp" time="0.518"/>
  <testcase classname="Ladder.Logincrm" name="infoapp" time="0.293"/>
</testsuite> <!-- Test -->
