<?xml version="1.0" encoding="UTF-8"?>
<testng-results ignored="0" total="10" passed="10" failed="0" skipped="0">
  <reporter-output>
  </reporter-output>
  <suite started-at="2022-05-20T16:26:32 IST" name="Suite" finished-at="2022-05-20T16:27:07 IST" duration-ms="34863">
    <groups>
    </groups>
    <test started-at="2022-05-20T16:26:32 IST" name="Test" finished-at="2022-05-20T16:27:07 IST" duration-ms="34863">
      <class name="Ladder.Logincrm">
        <test-method is-config="true" signature="setupsuite()[pri:0, instance:Ladder.Logincrm@71def8f8]" started-at="2022-05-20T16:26:32 IST" name="setupsuite" finished-at="2022-05-20T16:26:32 IST" duration-ms="7" status="PASS">
          <reporter-output>
          </reporter-output>
        </test-method> <!-- setupsuite -->
        <test-method is-config="true" signature="voidsetup()[pri:0, instance:Ladder.Logincrm@71def8f8]" started-at="2022-05-20T16:26:32 IST" name="voidsetup" finished-at="2022-05-20T16:26:36 IST" duration-ms="3698" status="PASS">
          <reporter-output>
          </reporter-output>
        </test-method> <!-- voidsetup -->
        <test-method signature="loginApp()[pri:1, instance:Ladder.Logincrm@71def8f8]" started-at="2022-05-20T16:26:36 IST" name="loginApp" finished-at="2022-05-20T16:26:40 IST" duration-ms="4640" status="PASS">
          <reporter-output>
          </reporter-output>
        </test-method> <!-- loginApp -->
        <test-method signature="signupapp()[pri:2, instance:Ladder.Logincrm@71def8f8]" started-at="2022-05-20T16:26:41 IST" name="signupapp" finished-at="2022-05-20T16:26:48 IST" duration-ms="7243" status="PASS">
          <reporter-output>
          </reporter-output>
        </test-method> <!-- signupapp -->
        <test-method signature="searchupapp()[pri:3, instance:Ladder.Logincrm@71def8f8]" started-at="2022-05-20T16:26:48 IST" name="searchupapp" finished-at="2022-05-20T16:26:51 IST" duration-ms="3149" status="PASS">
          <reporter-output>
          </reporter-output>
        </test-method> <!-- searchupapp -->
        <test-method signature="Bedapp()[pri:4, instance:Ladder.Logincrm@71def8f8]" started-at="2022-05-20T16:26:51 IST" name="Bedapp" finished-at="2022-05-20T16:26:58 IST" duration-ms="7119" status="PASS">
          <reporter-output>
          </reporter-output>
        </test-method> <!-- Bedapp -->
        <test-method signature="Bedappcart()[pri:5, instance:Ladder.Logincrm@71def8f8]" started-at="2022-05-20T16:26:58 IST" name="Bedappcart" finished-at="2022-05-20T16:27:01 IST" duration-ms="3121" status="PASS">
          <reporter-output>
          </reporter-output>
        </test-method> <!-- Bedappcart -->
        <test-method signature="assertionaa()[pri:6, instance:Ladder.Logincrm@71def8f8]" started-at="2022-05-20T16:27:01 IST" name="assertionaa" finished-at="2022-05-20T16:27:03 IST" duration-ms="1833" status="PASS">
          <reporter-output>
          </reporter-output>
        </test-method> <!-- assertionaa -->
        <test-method signature="tvappcart()[pri:7, instance:Ladder.Logincrm@71def8f8]" started-at="2022-05-20T16:27:03 IST" name="tvappcart" finished-at="2022-05-20T16:27:04 IST" duration-ms="1410" status="PASS">
          <reporter-output>
          </reporter-output>
        </test-method> <!-- tvappcart -->
        <test-method signature="studyapp()[pri:8, instance:Ladder.Logincrm@71def8f8]" started-at="2022-05-20T16:27:04 IST" name="studyapp" finished-at="2022-05-20T16:27:06 IST" duration-ms="1426" status="PASS">
          <reporter-output>
          </reporter-output>
        </test-method> <!-- studyapp -->
        <test-method signature="aboutapp()[pri:9, instance:Ladder.Logincrm@71def8f8]" started-at="2022-05-20T16:27:06 IST" name="aboutapp" finished-at="2022-05-20T16:27:06 IST" duration-ms="518" status="PASS">
          <reporter-output>
          </reporter-output>
        </test-method> <!-- aboutapp -->
        <test-method signature="infoapp()[pri:10, instance:Ladder.Logincrm@71def8f8]" started-at="2022-05-20T16:27:06 IST" name="infoapp" finished-at="2022-05-20T16:27:07 IST" duration-ms="293" status="PASS">
          <reporter-output>
          </reporter-output>
        </test-method> <!-- infoapp -->
        <test-method is-config="true" signature="teardown()[pri:0, instance:Ladder.Logincrm@71def8f8]" started-at="2022-05-20T16:27:07 IST" name="teardown" finished-at="2022-05-20T16:27:07 IST" duration-ms="365" status="PASS">
          <reporter-output>
          </reporter-output>
        </test-method> <!-- teardown -->
      </class> <!-- Ladder.Logincrm -->
    </test> <!-- Test -->
  </suite> <!-- Suite -->
</testng-results>
